[18:11:44] [ServerMain/INFO]: [bootstrap] Running Java 21 (OpenJDK 64-Bit Server VM 21.0.8+9-Ubuntu-0ubuntu124.04.1; Ubuntu null) on Linux 6.8.0-1030-azure (amd64)
[18:11:44] [ServerMain/INFO]: [bootstrap] Loading Paper 1.21.6-48-main@4d854e6 (2025-06-30T09:48:37Z) for Minecraft 1.21.6
[18:11:44] [ServerMain/INFO]: [PluginInitializerManager] Initializing plugins...
[18:11:44] [ServerMain/INFO]: [PluginInitializerManager] Initialized 0 plugins
[18:11:45] [Paper Plugin Remapper Thread - 0/INFO]: [ReobfServer] Remapping server...
[18:11:52] [ServerMain/INFO]: Environment: Environment[sessionHost=https://sessionserver.mojang.com, servicesHost=https://api.minecraftservices.com, name=PROD]
[18:11:52] [ServerMain/INFO]: Found new data pack file/bukkit, loading it automatically
[18:11:52] [ServerMain/INFO]: Found new data pack paper, loading it automatically
[18:11:53] [ServerMain/INFO]: No existing world data, creating new world
[18:11:54] [Paper Plugin Remapper Thread - 0/INFO]: [ReobfServer] Done remapping server in 8488ms.
[18:11:54] [ServerMain/INFO]: Loaded 1407 recipes
[18:11:55] [ServerMain/INFO]: Loaded 1520 advancements
[18:11:55] [ServerMain/INFO]: [ca.spottedleaf.dataconverter.minecraft.datatypes.MCTypeRegistry] Initialising converters for DataConverter...
[18:11:55] [ServerMain/INFO]: [ca.spottedleaf.dataconverter.minecraft.datatypes.MCTypeRegistry] Finished initialising converters for DataConverter in 513.7ms
[18:11:55] [Server thread/INFO]: Starting minecraft server version 1.21.6
[18:11:55] [Server thread/INFO]: Loading properties
[18:11:55] [Server thread/INFO]: This server is running Paper version 1.21.6-48-main@4d854e6 (2025-06-30T09:48:37Z) (Implementing API version 1.21.6-R0.1-SNAPSHOT)
[18:11:55] [Server thread/INFO]: [spark] This server bundles the spark profiler. For more information please visit https://docs.papermc.io/paper/profiling
[18:11:55] [Server thread/INFO]: Server Ping Player Sample Count: 12
[18:11:55] [Server thread/INFO]: Using 4 threads for Netty based IO
[18:11:56] [Server thread/INFO]: [MoonriseCommon] Paper is using 1 worker threads, 1 I/O threads
[18:11:56] [Server thread/INFO]: [ChunkTaskScheduler] Chunk system is using population gen parallelism: true
[18:11:56] [Server thread/INFO]: Default game type: SURVIVAL
[18:11:56] [Server thread/INFO]: Generating keypair
[18:11:56] [Server thread/INFO]: Starting Minecraft server on *:25565
[18:11:56] [Server thread/INFO]: Using epoll channel type
[18:11:57] [Server thread/INFO]: Paper: Using libdeflate (Linux x86_64) compression from Velocity.
[18:11:57] [Server thread/INFO]: Paper: Using OpenSSL 3.x.x (Linux x86_64) cipher from Velocity.
[18:11:57] [Server thread/WARN]: **** SERVER IS RUNNING IN OFFLINE/INSECURE MODE!
[18:11:57] [Server thread/WARN]: The server will make no attempt to authenticate usernames. Beware.
[18:11:57] [Server thread/WARN]: While this makes the game possible to play without internet access, it also opens up the ability for hackers to connect with any username they choose.
[18:11:57] [Server thread/WARN]: To change this, set "online-mode" to "true" in the server.properties file.
[18:11:57] [Server thread/INFO]: Preparing level "world"
[18:12:06] [Server thread/INFO]: Preparing start region for dimension minecraft:overworld
[18:12:06] [Server thread/INFO]: Preparing spawn area: 2%
[18:12:07] [Server thread/INFO]: Preparing spawn area: 2%
[18:12:07] [Server thread/INFO]: Preparing spawn area: 2%
[18:12:08] [Server thread/INFO]: Preparing spawn area: 6%
[18:12:08] [Server thread/INFO]: Preparing spawn area: 6%
[18:12:09] [Server thread/INFO]: Preparing spawn area: 18%
[18:12:09] [Server thread/INFO]: Preparing spawn area: 36%
[18:12:10] [Server thread/INFO]: Preparing spawn area: 51%
[18:12:10] [Server thread/INFO]: Preparing spawn area: 51%
[18:12:11] [Server thread/INFO]: Preparing spawn area: 69%
[18:12:11] [Server thread/INFO]: Time elapsed: 4667 ms
[18:12:11] [Server thread/INFO]: Preparing start region for dimension minecraft:the_nether
[18:12:11] [Server thread/INFO]: Preparing spawn area: 2%
[18:12:11] [Server thread/INFO]: Preparing spawn area: 18%
[18:12:12] [Server thread/INFO]: Preparing spawn area: 51%
[18:12:12] [Server thread/INFO]: Preparing spawn area: 65%
[18:12:12] [Server thread/INFO]: Time elapsed: 1526 ms
[18:12:12] [Server thread/INFO]: Preparing start region for dimension minecraft:the_end
[18:12:12] [Server thread/INFO]: Preparing spawn area: 2%
[18:12:13] [Server thread/INFO]: Preparing spawn area: 53%
[18:12:13] [Server thread/INFO]: Time elapsed: 518 ms
[18:12:13] [Server thread/INFO]: [spark] Starting background profiler...
[18:12:14] [Server thread/INFO]: Done preparing level "world" (17.101s)
[18:12:14] [Server thread/INFO]: Running delayed init tasks
[18:12:14] [Server thread/INFO]: Done (30.669s)! For help, type "help"
[18:12:14] [Server thread/INFO]: *************************************************************************************
[18:12:14] [Server thread/INFO]: This is the first time you're starting this server.
[18:12:14] [Server thread/INFO]: It's recommended you read our 'Getting Started' documentation for guidance.
[18:12:14] [Server thread/INFO]: View this and more helpful information here: https://docs.papermc.io/paper/next-steps
[18:12:14] [Server thread/INFO]: *************************************************************************************
[18:12:26] [Server thread/INFO]: Stopping server
[18:12:26] [Server thread/INFO]: Saving players
[18:12:26] [Server thread/INFO]: Saving worlds
[18:12:26] [Server thread/INFO]: Saving chunks for level 'ServerLevel[world]'/minecraft:overworld
[18:12:26] [Server thread/INFO]: [ChunkHolderManager] Waiting 60s for chunk system to halt for world 'world'
[18:12:26] [Server thread/INFO]: [ChunkHolderManager] Halted chunk system for world 'world'
[18:12:26] [Server thread/INFO]: [ChunkHolderManager] Saving all chunkholders for world 'world'
[18:12:28] [Server thread/INFO]: [ChunkHolderManager] Saved 841 block chunks, 49 entity chunks, 0 poi chunks in world 'world' in 1.06s
[18:12:28] [Server thread/INFO]: [ChunkHolderManager] Waiting 60s for chunk I/O to halt for world 'world'
[18:12:28] [Server thread/INFO]: [ChunkHolderManager] Halted I/O scheduler for world 'world'
[18:12:28] [Server thread/INFO]: Saving chunks for level 'ServerLevel[world_nether]'/minecraft:the_nether
[18:12:28] [Server thread/INFO]: [ChunkHolderManager] Waiting 60s for chunk system to halt for world 'world_nether'
[18:12:28] [Server thread/INFO]: [ChunkHolderManager] Halted chunk system for world 'world_nether'
[18:12:28] [Server thread/INFO]: [ChunkHolderManager] Saving all chunkholders for world 'world_nether'
[18:12:28] [Server thread/INFO]: [ChunkHolderManager] Saved 841 block chunks, 49 entity chunks, 0 poi chunks in world 'world_nether' in 0.40s
[18:12:28] [Server thread/INFO]: [ChunkHolderManager] Waiting 60s for chunk I/O to halt for world 'world_nether'
[18:12:28] [Server thread/INFO]: [ChunkHolderManager] Halted I/O scheduler for world 'world_nether'
[18:12:28] [Server thread/INFO]: Saving chunks for level 'ServerLevel[world_the_end]'/minecraft:the_end
[18:12:28] [Server thread/INFO]: [ChunkHolderManager] Waiting 60s for chunk system to halt for world 'world_the_end'
[18:12:28] [Server thread/INFO]: [ChunkHolderManager] Halted chunk system for world 'world_the_end'
[18:12:28] [Server thread/INFO]: [ChunkHolderManager] Saving all chunkholders for world 'world_the_end'
[18:12:28] [Server thread/INFO]: [ChunkHolderManager] Saved 841 block chunks, 49 entity chunks, 0 poi chunks in world 'world_the_end' in 0.34s
[18:12:28] [Server thread/INFO]: [ChunkHolderManager] Waiting 60s for chunk I/O to halt for world 'world_the_end'
[18:12:28] [Server thread/INFO]: [ChunkHolderManager] Halted I/O scheduler for world 'world_the_end'
[18:12:28] [Server thread/INFO]: ThreadedAnvilChunkStorage (world): All chunks are saved
[18:12:28] [Server thread/INFO]: ThreadedAnvilChunkStorage (DIM-1): All chunks are saved
[18:12:28] [Server thread/INFO]: ThreadedAnvilChunkStorage (DIM1): All chunks are saved
[18:12:28] [Server thread/INFO]: ThreadedAnvilChunkStorage: All dimensions are saved
[18:12:28] [Server thread/INFO]: Waiting for all RegionFile I/O tasks to complete...
[18:12:28] [Server thread/INFO]: All RegionFile I/O tasks to complete
[18:12:28] [Server thread/INFO]: [MoonriseCommon] Awaiting termination of worker pool for up to 60s...
[18:12:28] [Server thread/INFO]: [MoonriseCommon] Awaiting termination of I/O pool for up to 60s...
